<?xml version="1.0" encoding="UTF-8"?>
<testsuite name="GridTests"
           tests="1"
           failures="1"
           errors="0"
           skipped="0"
           time="15.665">
  <properties />
            <testcase name="Test1" time="15.665" classname="testcase.tc12">
                <failure type="org.openqa.selenium.ElementClickInterceptedException"
                  message="element click intercepted: Element &lt;div class=&quot;item rilrtl-products-list__item item&quot; role=&quot;row&quot; style=&quot;height: 580px; left: 0px; position: absolute; top: 580px; width: 323px;&quot;&gt;...&lt;/div&gt; is not clickable at point (438, 258). Other element would receive the click: &lt;html lang=&quot;en&quot;&gt;...&lt;/html&gt;
  (Session info: chrome=126.0.6478.183)
Build info: version: &apos;4.22.0&apos;, revision: &apos;c5f3146703*&apos;
System info: os.name: &apos;Mac OS X&apos;, os.arch: &apos;aarch64&apos;, os.version: &apos;14.5&apos;, java.version: &apos;22.0.1&apos;
Driver info: org.openqa.selenium.remote.RemoteWebDriver
Command: [c9f77a81fd4380fcac765c5a8628bf27, clickElement {id=f.BD70906084DDA7EDC31EE320C50053E1.d.46674EAD2793AD7D4CF4E9D60AA9A0AD.e.128}]
Capabilities {acceptInsecureCerts: false, browserName: chrome, browserVersion: 126.0.6478.183, chrome: {chromedriverVersion: 126.0.6478.182 (5b5d8292ddf..., userDataDir: C:\Users\VARUNM~1\AppData\L...}, fedcm:accounts: true, goog:chromeOptions: {debuggerAddress: localhost:55382}, networkConnectionEnabled: false, pageLoadStrategy: normal, platformName: windows, proxy: Proxy(), se:bidiEnabled: false, se:cdp: ws://192.168.0.108:4444/gri..., se:cdpVersion: 126.0.6478.183, setWindowRect: true, strictFileInteractability: false, timeouts: {implicit: 0, pageLoad: 300000, script: 30000}, unhandledPromptBehavior: dismiss and notify, webauthn:extension:credBlob: true, webauthn:extension:largeBlob: true, webauthn:extension:minPinLength: true, webauthn:extension:prf: true, webauthn:virtualAuthenticators: true}
Element: [[RemoteWebDriver: chrome on windows (c9f77a81fd4380fcac765c5a8628bf27)] -&gt; xpath: //body/div[@id=&apos;app&apos;]/div[@class=&apos;regular-store&apos;]/div[@id=&apos;appContainer&apos;]/div[@class=&apos;content&apos;]/div/div[@class=&apos; false main-view page page--category-desktop product-view&apos;]/div/div[@class=&apos;plp-view&apos;]/div[@id=&apos;products&apos;]/div[@id=&apos;main-content&apos;]/div[@aria-label=&apos;grid&apos;]/div[@role=&apos;rowgroup&apos;]/div[4]]
Session ID: c9f77a81fd4380fcac765c5a8628bf27"
              >
<![CDATA[org.openqa.selenium.ElementClickInterceptedException: element click intercepted: Element <div class="item rilrtl-products-list__item item" role="row" style="height: 580px; left: 0px; position: absolute; top: 580px; width: 323px;">...</div> is not clickable at point (438, 258). Other element would receive the click: <html lang="en">...</html>
  (Session info: chrome=126.0.6478.183)
Build info: version: '4.22.0', revision: 'c5f3146703*'
System info: os.name: 'Mac OS X', os.arch: 'aarch64', os.version: '14.5', java.version: '22.0.1'
Driver info: org.openqa.selenium.remote.RemoteWebDriver
Command: [c9f77a81fd4380fcac765c5a8628bf27, clickElement {id=f.BD70906084DDA7EDC31EE320C50053E1.d.46674EAD2793AD7D4CF4E9D60AA9A0AD.e.128}]
Capabilities {acceptInsecureCerts: false, browserName: chrome, browserVersion: 126.0.6478.183, chrome: {chromedriverVersion: 126.0.6478.182 (5b5d8292ddf..., userDataDir: C:\Users\VARUNM~1\AppData\L...}, fedcm:accounts: true, goog:chromeOptions: {debuggerAddress: localhost:55382}, networkConnectionEnabled: false, pageLoadStrategy: normal, platformName: windows, proxy: Proxy(), se:bidiEnabled: false, se:cdp: ws://192.168.0.108:4444/gri..., se:cdpVersion: 126.0.6478.183, setWindowRect: true, strictFileInteractability: false, timeouts: {implicit: 0, pageLoad: 300000, script: 30000}, unhandledPromptBehavior: dismiss and notify, webauthn:extension:credBlob: true, webauthn:extension:largeBlob: true, webauthn:extension:minPinLength: true, webauthn:extension:prf: true, webauthn:virtualAuthenticators: true}
Element: [[RemoteWebDriver: chrome on windows (c9f77a81fd4380fcac765c5a8628bf27)] -> xpath: //body/div[@id='app']/div[@class='regular-store']/div[@id='appContainer']/div[@class='content']/div/div[@class=' false main-view page page--category-desktop product-view']/div/div[@class='plp-view']/div[@id='products']/div[@id='main-content']/div[@aria-label='grid']/div[@role='rowgroup']/div[4]]
Session ID: c9f77a81fd4380fcac765c5a8628bf27
  java.base/jdk.internal.reflect.DirectConstructorHandleAccessor.newInstance(DirectConstructorHandleAccessor.java:62)
  java.base/java.lang.reflect.Constructor.newInstanceWithCaller(Constructor.java:502)
  java.base/java.lang.reflect.Constructor.newInstance(Constructor.java:486)
  org.openqa.selenium.remote.ErrorCodec.decode(ErrorCodec.java:167)
  org.openqa.selenium.remote.codec.w3c.W3CHttpResponseCodec.decode(W3CHttpResponseCodec.java:138)
  org.openqa.selenium.remote.codec.w3c.W3CHttpResponseCodec.decode(W3CHttpResponseCodec.java:50)
  org.openqa.selenium.remote.HttpCommandExecutor.execute(HttpCommandExecutor.java:190)
  org.openqa.selenium.remote.TracedCommandExecutor.execute(TracedCommandExecutor.java:53)
  org.openqa.selenium.remote.RemoteWebDriver.execute(RemoteWebDriver.java:518)
  org.openqa.selenium.remote.RemoteWebElement.execute(RemoteWebElement.java:223)
  org.openqa.selenium.remote.RemoteWebElement.click(RemoteWebElement.java:76)
  testcase.tc12.Test1(tc12.java:31)
  java.base/jdk.internal.reflect.DirectMethodHandleAccessor.invoke(DirectMethodHandleAccessor.java:103)
  java.base/java.lang.reflect.Method.invoke(Method.java:580)
  org.testng.internal.invokers.MethodInvocationHelper.invokeMethod(MethodInvocationHelper.java:139)
  org.testng.internal.invokers.TestInvoker.invokeMethod(TestInvoker.java:664)
  org.testng.internal.invokers.TestInvoker.invokeTestMethod(TestInvoker.java:228)
  org.testng.internal.invokers.MethodRunner.runInSequence(MethodRunner.java:63)
  org.testng.internal.invokers.TestInvoker$MethodInvocationAgent.invoke(TestInvoker.java:961)
  org.testng.internal.invokers.TestInvoker.invokeTestMethods(TestInvoker.java:201)
  org.testng.internal.invokers.TestMethodWorker.invokeTestMethods(TestMethodWorker.java:148)
  org.testng.internal.invokers.TestMethodWorker.run(TestMethodWorker.java:128)
  java.base/java.util.concurrent.Executors$RunnableAdapter.call(Executors.java:572)
  java.base/java.util.concurrent.FutureTask.run(FutureTask.java:317)
  org.testng.internal.thread.graph.TestNGFutureTask.run(TestNGFutureTask.java:22)
  java.base/java.util.concurrent.ThreadPoolExecutor.runWorker(ThreadPoolExecutor.java:1144)
  java.base/java.util.concurrent.ThreadPoolExecutor$Worker.run(ThreadPoolExecutor.java:642)
  java.base/java.lang.Thread.run(Thread.java:1570)
]]>
      </failure>

          </testcase>
  
  
  
</testsuite>
